2026-04-08 18:05:58 - bitcoinator_trainer - INFO - MLflow tracking disabled
2026-04-08 18:05:58 - bitcoinator_trainer - INFO - Training initialized for model: xgboost
2026-04-08 18:05:58 - bitcoinator_trainer - INFO - ============================================================
2026-04-08 18:05:58 - bitcoinator_trainer - INFO - BITCOINATOR TRAINING
2026-04-08 18:05:58 - bitcoinator_trainer - INFO - ============================================================
2026-04-08 18:05:58 - bitcoinator_trainer - INFO - Loading data...
2026-04-08 18:06:02 - bitcoinator_trainer - INFO - Loaded 2278 rows of daily data
2026-04-08 18:06:02 - bitcoinator_trainer - INFO - Creating features...
2026-04-08 18:06:02 - bitcoinator_trainer - INFO -   - Technical indicators added
2026-04-08 18:06:02 - bitcoinator_trainer - INFO -   - Temporal features added
2026-04-08 18:06:02 - bitcoinator_trainer - INFO -   - Lag features (1-60) added
2026-04-08 18:06:02 - bitcoinator_trainer - INFO -   - Rolling features added
2026-04-08 18:06:02 - bitcoinator_trainer - INFO - Final dataset: 2189 rows, 118 columns
2026-04-08 18:06:02 - bitcoinator_trainer - INFO - Preparing data splits...
2026-04-08 18:06:03 - bitcoinator_trainer - INFO - Train: 1532, Val: 328, Test: 329
2026-04-08 18:06:03 - bitcoinator_trainer - INFO - Training xgboost model...
2026-04-08 18:06:03 - bitcoinator_trainer - ERROR - Training failed: XGBModel.fit() got an unexpected keyword argument 'early_stopping_rounds'
Traceback (most recent call last):
  File [35m"C:\Users\Rby\Desktop\Bitcoinator\train_optimized.py"[0m, line [35m585[0m, in [35mtrain[0m
    [31mself.train_model[0m[1;31m(X_train, y_train, X_val, y_val)[0m
    [31m~~~~~~~~~~~~~~~~[0m[1;31m^^^^^^^^^^^^^^^^^^^^^^^^^^^^^^^^[0m
  File [35m"C:\Users\Rby\Desktop\Bitcoinator\train_optimized.py"[0m, line [35m285[0m, in [35mtrain_model[0m
    [31mself.model.fit[0m[1;31m([0m
    [31m~~~~~~~~~~~~~~[0m[1;31m^[0m
        [1;31mX_train, y_train,[0m
        [1;31m^^^^^^^^^^^^^^^^^[0m
    ...<2 lines>...
        [1;31mverbose=False[0m
        [1;31m^^^^^^^^^^^^^[0m
    [1;31m)[0m
    [1;31m^[0m
  File [35m"C:\Users\Rby\AppData\Roaming\Python\Python314\site-packages\xgboost\core.py"[0m, line [35m751[0m, in [35minner_f[0m
    return func(**kwargs)
[1;35mTypeError[0m: [35mXGBModel.fit() got an unexpected keyword argument 'early_stopping_rounds'[0m
